<?xml version="1.0" encoding="UTF-8"?>
<testsuite xmlns:xsi="http://www.w3.org/2001/XMLSchema-instance" xsi:noNamespaceSchemaLocation="https://maven.apache.org/surefire/maven-surefire-plugin/xsd/surefire-test-report-3.0.xsd" version="3.0" name="testRunner.testRunner" time="74.701" tests="4" errors="0" skipped="0" failures="0">
  <properties>
[...]
</properties>
  <testcase name="Add new customer" classname="Customers" time="41.379">
    <system-out><![CDATA[
@sanity
Scenario: Add new customer                                                                 # Features/Customer.feature:11
 INFO [main] (Steps.java:62)- *******Launching Browser********
  Given User Launch Chrome Browser                                                         # stepDefinitions.Steps.user_launch_chrome_browser()
 INFO [main] (Steps.java:79)- *******Opeaning URL********
  When Users Open URl "https://admin-demo.nopcommerce.com/login?ReturnUrl=%2Fadmin%2F"     # stepDefinitions.Steps.users_open_u_rl(java.lang.String)
 INFO [main] (Steps.java:88)- *******Providing Login Details********
  And Users Enters Email As "admin@yourstore.com" and Password as "admin"                  # stepDefinitions.Steps.users_enters_email_as_and_password_as(java.lang.String,java.lang.String)
 INFO [main] (Steps.java:96)- *******Clicking on Login Button********
  And Click on the login button                                                            # stepDefinitions.Steps.click_on_the_login_button()
 INFO [main] (Steps.java:180)- *******Getting Title********
  Then User can see the dashboard                                                          # stepDefinitions.Steps.user_can_see_the_dashboard()
 INFO [main] (Steps.java:188)- *******Clicking On Customer Main Menu********
  When User click on customer menu                                                         # stepDefinitions.Steps.user_click_on_customer_menu()
 INFO [main] (Steps.java:195)- *******Clicking on Cutomer sub Menu********
  And click on customer menu item                                                          # stepDefinitions.Steps.click_on_customer_menu_item()
 INFO [main] (Steps.java:203)- *******Clicking on Add Cuctomer Btn********
  And click on add new customer button                                                     # stepDefinitions.Steps.click_on_add_new_customer_button()
 INFO [main] (Steps.java:210)- *******User Can See Add Cuctomer Page********
  Then User can see add new customer page                                                  # stepDefinitions.Steps.user_can_see_add_new_customer_page()
 INFO [main] (Steps.java:218)- *******Adding Cuctomer Details********
  When User enter new customer info                                                        # stepDefinitions.Steps.user_enter_new_customer_info()
 INFO [main] (Steps.java:245)- *******Clicking on save Button********
  And Click on save button                                                                 # stepDefinitions.Steps.click_on_save_button()
 INFO [main] (Steps.java:253)- *******User Can See The new customer has been added successfully*******
  Then User can view confirmation message " The new customer has been added successfully." # stepDefinitions.Steps.user_can_view_confirmation_message(java.lang.String)
 INFO [main] (Steps.java:151)- *******Closing The Browser********
  And Close the browser                                                                    # stepDefinitions.Steps.close_the_browser()
]]></system-out>
    <system-err><![CDATA[Sep 25, 2023 3:23:03 PM org.openqa.selenium.remote.service.DriverService$Builder getLogOutput
INFO: Driver logs no longer sent to console by default; https://www.selenium.dev/documentation/webdriver/drivers/service/#setting-log-output
SLF4J: Failed to load class "org.slf4j.impl.StaticLoggerBinder".
SLF4J: Defaulting to no-operation (NOP) logger implementation
SLF4J: See http://www.slf4j.org/codes.html#StaticLoggerBinder for further details.
Sep 25, 2023 3:23:05 PM org.openqa.selenium.devtools.CdpVersionFinder findNearestMatch
WARNING: Unable to find an exact match for CDP version 116, so returning the closest version found: 114
Sep 25, 2023 3:23:44 PM org.openqa.selenium.remote.http.WebSocket$Listener onError
WARNING: Connection reset
java.net.SocketException: Connection reset
	at java.base/sun.nio.ch.SocketChannelImpl.throwConnectionReset(SocketChannelImpl.java:394)
	at java.base/sun.nio.ch.SocketChannelImpl.read(SocketChannelImpl.java:426)
	at io.netty.buffer.PooledByteBuf.setBytes(PooledByteBuf.java:256)
	at io.netty.buffer.AbstractByteBuf.writeBytes(AbstractByteBuf.java:1132)
	at io.netty.channel.socket.nio.NioSocketChannel.doReadBytes(NioSocketChannel.java:357)
	at io.netty.channel.nio.AbstractNioByteChannel$NioByteUnsafe.read(AbstractNioByteChannel.java:151)
	at io.netty.channel.nio.NioEventLoop.processSelectedKey(NioEventLoop.java:788)
	at io.netty.channel.nio.NioEventLoop.processSelectedKeysOptimized(NioEventLoop.java:724)
	at io.netty.channel.nio.NioEventLoop.processSelectedKeys(NioEventLoop.java:650)
	at io.netty.channel.nio.NioEventLoop.run(NioEventLoop.java:562)
	at io.netty.util.concurrent.SingleThreadEventExecutor$4.run(SingleThreadEventExecutor.java:997)
	at io.netty.util.internal.ThreadExecutorMap$2.run(ThreadExecutorMap.java:74)
	at io.netty.util.concurrent.FastThreadLocalRunnable.run(FastThreadLocalRunnable.java:30)
	at java.base/java.lang.Thread.run(Thread.java:833)

]]></system-err>
  </testcase>
  <testcase name="Successful Loging Withe Valid Credentials" classname="Login" time="18.765">
    <system-out><![CDATA[
@sanity
Scenario: Successful Loging Withe Valid Credentials                                    # Features/Login.feature:4
 INFO [main] (Steps.java:62)- *******Launching Browser********
  Given User Launch Chrome Browser                                                     # stepDefinitions.Steps.user_launch_chrome_browser()
 INFO [main] (Steps.java:79)- *******Opeaning URL********
  When Users Open URl "https://admin-demo.nopcommerce.com/login?ReturnUrl=%2Fadmin%2F" # stepDefinitions.Steps.users_open_u_rl(java.lang.String)
 INFO [main] (Steps.java:88)- *******Providing Login Details********
  And Users Enters Email As "admin@yourstore.com" and Password as "admin"              # stepDefinitions.Steps.users_enters_email_as_and_password_as(java.lang.String,java.lang.String)
 INFO [main] (Steps.java:96)- *******Clicking on Login Button********
  And Click on the login button                                                        # stepDefinitions.Steps.click_on_the_login_button()
 INFO [main] (Steps.java:114)- *******Getting Title********
  And Page Title Should be "Dashboard / nopCommerce administration"                    # stepDefinitions.Steps.page_title_should_be(java.lang.String)
 INFO [main] (Steps.java:124)- *******Clicking on LogOut Button********
  When User click on the logout button                                                 # stepDefinitions.Steps.user_click_on_the_logout_button()
 INFO [main] (Steps.java:134)- *******Loggout Passed********
  Then logout page title should be "Your store. Login"                                 # stepDefinitions.Steps.logout_page_title_should_be(java.lang.String)
 INFO [main] (Steps.java:151)- *******Closing The Browser********
  And Close the browser                                                                # stepDefinitions.Steps.close_the_browser()
]]></system-out>
    <system-err><![CDATA[Sep 25, 2023 3:23:45 PM org.openqa.selenium.remote.service.DriverService$Builder getLogOutput
INFO: Driver logs no longer sent to console by default; https://www.selenium.dev/documentation/webdriver/drivers/service/#setting-log-output
Sep 25, 2023 3:23:47 PM org.openqa.selenium.devtools.CdpVersionFinder findNearestMatch
WARNING: Unable to find an exact match for CDP version 116, so returning the closest version found: 114
]]></system-err>
  </testcase>
  <testcase name="Login data driven2 #1" classname="Login" time="6.306">
    <system-out><![CDATA[
@datadriven
Scenario Outline: Login data driven2                                                                        # Features/Login.feature:41
 INFO [main] (Steps.java:62)- *******Launching Browser********
  Given User Launch Chrome Browser                                                                          # stepDefinitions.Steps.user_launch_chrome_browser()
 INFO [main] (Steps.java:79)- *******Opeaning URL********
  When Users Open URl "https://admin-demo.nopcommerce.com/login?ReturnUrl=%2Fadmin%2F"                      # stepDefinitions.Steps.users_open_u_rl(java.lang.String)
 INFO [main] (Steps.java:88)- *******Providing Login Details********
  And Users Enters Email As "admin1@yourstore.com" and Password as "admin1"                                 # stepDefinitions.Steps.users_enters_email_as_and_password_as(java.lang.String,java.lang.String)
 INFO [main] (Steps.java:96)- *******Clicking on Login Button********
  And Click on the login button                                                                             # stepDefinitions.Steps.click_on_the_login_button()
 INFO [main] (Steps.java:163)- *******Loggin Failed********
  Then Failed login Page Title Should be "Login was unsuccessful. Please correct the errors and try again." # stepDefinitions.Steps.failed_login_page_title_should_be(java.lang.String)
 INFO [main] (Steps.java:151)- *******Closing The Browser********
  And Close the browser                                                                                     # stepDefinitions.Steps.close_the_browser()
]]></system-out>
    <system-err><![CDATA[Sep 25, 2023 3:24:03 PM org.openqa.selenium.remote.service.DriverService$Builder getLogOutput
INFO: Driver logs no longer sent to console by default; https://www.selenium.dev/documentation/webdriver/drivers/service/#setting-log-output
Sep 25, 2023 3:24:05 PM org.openqa.selenium.devtools.CdpVersionFinder findNearestMatch
WARNING: Unable to find an exact match for CDP version 116, so returning the closest version found: 114
]]></system-err>
  </testcase>
  <testcase name="Login data driven2 #2" classname="Login" time="7.72">
    <system-out><![CDATA[
@datadriven
Scenario Outline: Login data driven2                                                                        # Features/Login.feature:42
 INFO [main] (Steps.java:62)- *******Launching Browser********
  Given User Launch Chrome Browser                                                                          # stepDefinitions.Steps.user_launch_chrome_browser()
 INFO [main] (Steps.java:79)- *******Opeaning URL********
  When Users Open URl "https://admin-demo.nopcommerce.com/login?ReturnUrl=%2Fadmin%2F"                      # stepDefinitions.Steps.users_open_u_rl(java.lang.String)
 INFO [main] (Steps.java:88)- *******Providing Login Details********
  And Users Enters Email As "admin2@yourstore.com" and Password as "admin2"                                 # stepDefinitions.Steps.users_enters_email_as_and_password_as(java.lang.String,java.lang.String)
 INFO [main] (Steps.java:96)- *******Clicking on Login Button********
  And Click on the login button                                                                             # stepDefinitions.Steps.click_on_the_login_button()
 INFO [main] (Steps.java:163)- *******Loggin Failed********
  Then Failed login Page Title Should be "Login was unsuccessful. Please correct the errors and try again." # stepDefinitions.Steps.failed_login_page_title_should_be(java.lang.String)
 INFO [main] (Steps.java:151)- *******Closing The Browser********
  And Close the browser                                                                                     # stepDefinitions.Steps.close_the_browser()
]]></system-out>
    <system-err><![CDATA[Sep 25, 2023 3:24:10 PM org.openqa.selenium.remote.service.DriverService$Builder getLogOutput
INFO: Driver logs no longer sent to console by default; https://www.selenium.dev/documentation/webdriver/drivers/service/#setting-log-output
Sep 25, 2023 3:24:10 PM org.openqa.selenium.devtools.CdpVersionFinder findNearestMatch
WARNING: Unable to find an exact match for CDP version 116, so returning the closest version found: 114
]]></system-err>
  </testcase>
</testsuite>